<?xml version="1.0" encoding="UTF-8"?>
<testng-results ignored="0" total="1" passed="1" failed="0" skipped="0">
  <reporter-output>
  </reporter-output>
  <suite started-at="2021-02-19T13:34:27 CST" name="Default suite" finished-at="2021-02-19T13:34:31 CST" duration-ms="4091">
    <groups>
    </groups>
    <test started-at="2021-02-19T13:34:27 CST" name="Default test" finished-at="2021-02-19T13:34:31 CST" duration-ms="4091">
      <class name="Windows_Test">
        <test-method signature="Windows_Test_demo()[pri:0, instance:Windows_Test@19d481b]" started-at="2021-02-19T13:34:27 CST" name="Windows_Test_demo" finished-at="2021-02-19T13:34:31 CST" duration-ms="4056" status="PASS">
          <reporter-output>
          </reporter-output>
        </test-method> <!-- Windows_Test_demo -->
      </class> <!-- Windows_Test -->
    </test> <!-- Default test -->
  </suite> <!-- Default suite -->
</testng-results>
