<?xml version="1.0" encoding="UTF-8"?>
<testng-results ignored="0" total="1" passed="1" failed="0" skipped="0">
  <reporter-output>
  </reporter-output>
  <suite started-at="2021-02-19T10:18:11 CST" name="Default suite" finished-at="2021-02-19T10:18:19 CST" duration-ms="8090">
    <groups>
    </groups>
    <test started-at="2021-02-19T10:18:11 CST" name="Default test" finished-at="2021-02-19T10:18:19 CST" duration-ms="8090">
      <class name="MyTest">
        <test-method signature="demo()[pri:0, instance:MyTest@19d481b]" started-at="2021-02-19T10:18:11 CST" name="demo" finished-at="2021-02-19T10:18:19 CST" duration-ms="8000" status="PASS">
          <reporter-output>
          </reporter-output>
        </test-method> <!-- demo -->
      </class> <!-- MyTest -->
    </test> <!-- Default test -->
  </suite> <!-- Default suite -->
</testng-results>
