<?xml version="1.0" encoding="UTF-8"?>
<!-- Generated by org.testng.reporters.JUnitXMLReporter -->
<testsuite ignored="0" hostname="DESKTOP-5FLV62J" failures="1" tests="3" name="Testing" time="20.487" errors="0" timestamp="2021-04-12T20:01:02 CST">
  <testcase classname="tests.AffiliatePFTest" name="testAffiliatePF" time="6.363"/>
  <testcase classname="tests.AffiliatePJTest" name="testAffiliatePJ" time="5.493"/>
  <testcase classname="tests.LoginTest" name="testLogin" time="0.001">
    <failure type="java.lang.NullPointerException">
      <![CDATA[java.lang.NullPointerException
at java.base/java.util.Objects.requireNonNull(Objects.java:208)
at org.openqa.selenium.support.ui.FluentWait.<init>(FluentWait.java:106)
at org.openqa.selenium.support.ui.WebDriverWait.<init>(WebDriverWait.java:85)
at org.openqa.selenium.support.ui.WebDriverWait.<init>(WebDriverWait.java:45)
at pages.BasePage.<init>(BasePage.java:17)
at pages.LoginPage.<init>(LoginPage.java:23)
at tests.LoginTest.testLogin(LoginTest.java:15)
at java.base/java.util.ArrayList.forEach(ArrayList.java:1511)
... Removed 27 stack frames]]>
    </failure>
  </testcase> <!-- testLogin -->
</testsuite> <!-- Testing -->
