<?xml version="1.0" encoding="UTF-8"?>
<testng-results ignored="0" total="1" passed="1" failed="0" skipped="0">
  <reporter-output>
    <line>
      <![CDATA[-Browser Session End-]]>
    </line>
  </reporter-output>
  <suite started-at="2021-04-12T11:13:16 CST" name="Default suite" finished-at="2021-04-12T11:13:26 CST" duration-ms="10564">
    <groups>
    </groups>
    <test started-at="2021-04-12T11:13:16 CST" name="Default test" finished-at="2021-04-12T11:13:26 CST" duration-ms="10564">
      <class name="tests.AffiliatePFTest">
        <test-method is-config="true" signature="setup()[pri:0, instance:tests.AffiliatePFTest@55536d9e]" started-at="2021-04-12T11:13:16 CST" name="setup" finished-at="2021-04-12T11:13:20 CST" duration-ms="4447" status="PASS">
          <reporter-output>
          </reporter-output>
        </test-method> <!-- setup -->
        <test-method is-config="true" signature="verifyHomePage()[pri:0, instance:tests.AffiliatePFTest@55536d9e]" started-at="2021-04-12T11:13:20 CST" name="verifyHomePage" finished-at="2021-04-12T11:13:20 CST" duration-ms="14" status="PASS">
          <reporter-output>
          </reporter-output>
        </test-method> <!-- verifyHomePage -->
        <test-method signature="testAffiliatePF()[pri:0, instance:tests.AffiliatePFTest@55536d9e]" started-at="2021-04-12T11:13:20 CST" name="testAffiliatePF" finished-at="2021-04-12T11:13:26 CST" duration-ms="5339" status="PASS">
          <reporter-output>
          </reporter-output>
        </test-method> <!-- testAffiliatePF -->
        <test-method is-config="true" signature="closeApplication()[pri:0, instance:tests.AffiliatePFTest@55536d9e]" started-at="2021-04-12T11:13:26 CST" name="closeApplication" finished-at="2021-04-12T11:13:26 CST" duration-ms="721" status="PASS">
          <reporter-output>
            <line>
              <![CDATA[-Browser Session End-]]>
            </line>
          </reporter-output>
        </test-method> <!-- closeApplication -->
      </class> <!-- tests.AffiliatePFTest -->
    </test> <!-- Default test -->
  </suite> <!-- Default suite -->
</testng-results>
